TN:
SF:script/Common.sol
DA:36,0
FN:36,Common.setUp
FNDA:0,Common.setUp
DA:38,0
DA:39,0
DA:41,0
DA:57,0
DA:58,0
DA:59,0
DA:60,0
DA:62,0
DA:78,0
FN:78,Common._deployBuildersManager
FNDA:0,Common._deployBuildersManager
DA:79,0
DA:81,0
DA:82,0
DA:95,0
FN:95,Common._deployBuildersDollar
FNDA:0,Common._deployBuildersDollar
DA:96,0
DA:97,0
DA:98,0
DA:99,0
DA:100,0
DA:101,0
DA:103,0
DA:105,0
FNF:3
FNH:0
LF:22
LH:0
BRF:0
BRH:0
end_of_record
TN:
SF:script/Deploy.sol
DA:7,0
FN:7,Deploy.setUp
FNDA:0,Deploy.setUp
DA:8,0
DA:10,0
DA:11,0
DA:14,0
FN:14,Deploy.run
FNDA:0,Deploy.run
DA:15,0
DA:16,0
DA:17,0
FNF:2
FNH:0
LF:8
LH:0
BRF:0
BRH:0
end_of_record
TN:
SF:src/contracts/BuildersManager.sol
DA:54,5
FN:54,BuildersManager.eligible
FNDA:5,BuildersManager.eligible
DA:55,5
BRDA:55,0,0,1
DA:56,4
BRDA:56,1,0,-
DA:57,1
BRDA:57,2,0,1
DA:64,58
FN:64,BuildersManager.constructor
FNDA:58,BuildersManager.constructor
DA:65,58
DA:69,59
FN:69,BuildersManager.initialize
FNDA:59,BuildersManager.initialize
DA:76,58
DA:77,58
BRDA:77,3,0,-
DA:78,58
BRDA:78,4,0,-
DA:79,58
BRDA:79,5,0,-
DA:80,58
BRDA:80,6,0,1
DA:82,57
DA:83,57
DA:85,57
DA:86,57
DA:87,57
DA:89,57
DA:90,57
DA:91,57
DA:98,6
FN:98,BuildersManager.vouch
FNDA:6,BuildersManager.vouch
DA:99,6
BRDA:99,7,0,5
DA:100,5
BRDA:100,8,0,1
DA:102,5
DA:106,0
FN:106,BuildersManager.vouch
FNDA:0,BuildersManager.vouch
DA:107,0
BRDA:107,9,0,-
DA:108,0
BRDA:108,10,0,-
DA:110,0
BRDA:110,11,0,-
DA:111,0
DA:115,4
FN:115,BuildersManager.validateOptimismVoter
FNDA:4,BuildersManager.validateOptimismVoter
DA:116,0
BRDA:116,12,0,-
BRDA:116,12,1,4
DA:117,4
DA:121,1
FN:121,BuildersManager.distributeYield
FNDA:1,BuildersManager.distributeYield
DA:122,1
DA:123,1
BRDA:123,13,0,1
DA:124,0
BRDA:124,14,0,-
DA:125,0
DA:127,0
DA:128,0
DA:129,0
BRDA:129,15,0,-
DA:131,0
DA:134,0
DA:135,0
BRDA:135,16,0,-
DA:137,0
DA:138,0
DA:139,0
DA:141,0
DA:142,0
DA:144,0
DA:147,0
DA:151,13
FN:151,BuildersManager.modifyParams
FNDA:13,BuildersManager.modifyParams
DA:152,11
BRDA:152,17,0,4
DA:153,7
DA:157,9
FN:157,BuildersManager.updateOpFoundationAttester
FNDA:9,BuildersManager.updateOpFoundationAttester
DA:158,8
DA:162,11
FN:162,BuildersManager.batchUpdateOpFoundationAttesters
FNDA:11,BuildersManager.batchUpdateOpFoundationAttesters
DA:166,10
DA:167,10
BRDA:167,18,0,4
DA:169,6
DA:170,11
DA:175,1
FN:175,BuildersManager.settings
FNDA:1,BuildersManager.settings
DA:176,1
DA:180,0
FN:180,BuildersManager.currentProjects
FNDA:0,BuildersManager.currentProjects
DA:181,0
DA:185,5
FN:185,BuildersManager.optimismFoundationAttesters
FNDA:5,BuildersManager.optimismFoundationAttesters
DA:186,5
DA:196,5
FN:196,BuildersManager._vouch
FNDA:5,BuildersManager._vouch
DA:197,3
DA:198,3
DA:199,3
DA:200,3
BRDA:200,19,0,-
DA:209,4
FN:209,BuildersManager._validateOptimismVoter
FNDA:4,BuildersManager._validateOptimismVoter
DA:210,0
BRDA:210,20,0,-
DA:211,4
DA:213,4
DA:214,4
DA:215,4
DA:217,4
DA:218,4
DA:219,4
DA:227,5
FN:227,BuildersManager._validateProject
FNDA:5,BuildersManager._validateProject
DA:228,5
BRDA:228,24,0,-
DA:229,5
DA:231,5
DA:233,5
DA:234,5
DA:235,5
DA:236,5
DA:238,4
DA:239,4
BRDA:239,29,0,4
DA:240,4
DA:241,4
DA:242,4
DA:243,4
DA:251,0
FN:251,BuildersManager._ejectProject
FNDA:0,BuildersManager._ejectProject
DA:252,0
DA:253,0
DA:255,0
DA:256,0
DA:257,0
BRDA:257,30,0,-
DA:258,0
DA:259,0
DA:269,7
FN:269,BuildersManager._modifyParams
FNDA:7,BuildersManager._modifyParams
DA:270,7
BRDA:270,31,0,-
DA:271,7
BRDA:271,32,0,2
BRDA:271,32,1,2
DA:272,5
BRDA:272,33,0,1
BRDA:272,33,1,2
DA:273,4
BRDA:273,34,0,1
BRDA:273,34,1,2
DA:274,3
BRDA:274,35,0,1
BRDA:274,35,1,2
DA:275,2
DA:283,19
FN:283,BuildersManager._modifyOpFoundationAttester
FNDA:19,BuildersManager._modifyOpFoundationAttester
DA:284,19
DA:285,19
BRDA:285,36,0,3
DA:286,16
BRDA:286,37,0,2
DA:288,14
DA:290,12
BRDA:290,38,0,12
BRDA:290,38,1,2
DA:291,12
DA:293,2
DA:294,2
DA:295,4
BRDA:295,39,0,2
DA:296,2
DA:297,2
FNF:19
FNH:16
LF:121
LH:89
BRF:39
BRH:23
end_of_record
TN:
SF:test/integration/IntegrationBase.sol
DA:19,0
FN:19,IntegrationBase.setUp
FNDA:0,IntegrationBase.setUp
DA:20,0
DA:21,0
DA:22,0
DA:24,0
DA:25,0
DA:26,0
FNF:1
FNH:0
LF:7
LH:0
BRF:0
BRH:0
end_of_record
TN:
SF:test/unit/BaseTest.sol
DA:16,25
FN:16,BaseTest.setUp
FNDA:25,BaseTest.setUp
DA:18,25
DA:19,25
DA:22,25
DA:25,25
DA:33,25
DA:36,25
DA:42,25
DA:45,25
DA:50,8
FN:50,BaseTest._createMockAttestation
FNDA:8,BaseTest._createMockAttestation
DA:57,8
DA:71,8
FN:71,BaseTest._mockEASAttestation
FNDA:8,BaseTest._mockEASAttestation
DA:72,8
DA:75,0
FN:75,BaseTest._mockTokenOperations
FNDA:0,BaseTest._mockTokenOperations
DA:77,0
DA:80,0
DA:83,0
DA:84,0
DA:85,0
DA:93,3
FN:93,BaseTest._makeVoterEligible
FNDA:3,BaseTest._makeVoterEligible
DA:94,3
DA:95,3
DA:96,3
DA:98,3
DA:99,3
DA:102,3
FN:102,BaseTest._setupProjectAttestation
FNDA:3,BaseTest._setupProjectAttestation
DA:107,3
DA:109,3
DA:110,3
DA:112,3
DA:113,3
DA:115,3
DA:120,0
FN:120,BaseTest.mockValidateOptimismVoter
FNDA:0,BaseTest.mockValidateOptimismVoter
DA:121,0
DA:128,0
FN:128,BaseTest.mockVouch
FNDA:0,BaseTest.mockVouch
DA:129,0
DA:132,0
FN:132,BaseTest.mockVouchWithIdentity
FNDA:0,BaseTest.mockVouchWithIdentity
DA:133,0
DA:140,0
FN:140,BaseTest.mockDistributeYield
FNDA:0,BaseTest.mockDistributeYield
DA:141,0
DA:146,0
FN:146,BaseTest.mockModifyParams
FNDA:0,BaseTest.mockModifyParams
DA:147,0
DA:154,0
FN:154,BaseTest.mockUpdateOpFoundationAttester
FNDA:0,BaseTest.mockUpdateOpFoundationAttester
DA:155,0
DA:162,0
FN:162,BaseTest.mockBatchUpdateOpFoundationAttesters
FNDA:0,BaseTest.mockBatchUpdateOpFoundationAttesters
DA:163,0
DA:172,0
FN:172,BaseTest.expectValidateOptimismVoter
FNDA:0,BaseTest.expectValidateOptimismVoter
DA:173,0
DA:178,0
FN:178,BaseTest.expectVouch
FNDA:0,BaseTest.expectVouch
DA:179,0
DA:182,0
FN:182,BaseTest.expectVouchWithIdentity
FNDA:0,BaseTest.expectVouchWithIdentity
DA:183,0
DA:189,0
FN:189,BaseTest.expectDistributeYield
FNDA:0,BaseTest.expectDistributeYield
DA:190,0
DA:193,0
FN:193,BaseTest.expectModifyParams
FNDA:0,BaseTest.expectModifyParams
DA:194,0
DA:199,0
FN:199,BaseTest.expectUpdateOpFoundationAttester
FNDA:0,BaseTest.expectUpdateOpFoundationAttester
DA:200,0
DA:206,0
FN:206,BaseTest.expectBatchUpdateOpFoundationAttesters
FNDA:0,BaseTest.expectBatchUpdateOpFoundationAttesters
DA:207,0
DA:215,0
FN:215,BaseTest.mockSettings
FNDA:0,BaseTest.mockSettings
DA:216,32
DA:221,0
FN:221,BaseTest.mockCurrentProjects
FNDA:0,BaseTest.mockCurrentProjects
DA:222,2
DA:227,0
FN:227,BaseTest.mockOptimismFoundationAttesters
FNDA:0,BaseTest.mockOptimismFoundationAttesters
DA:228,1
DA:235,0
FN:235,BaseTest.mockEligibleVoter
FNDA:0,BaseTest.mockEligibleVoter
DA:236,2
DA:243,0
FN:243,BaseTest.mockEligibleProject
FNDA:0,BaseTest.mockEligibleProject
DA:244,1
DA:251,0
FN:251,BaseTest.mockVouchedProjects
FNDA:0,BaseTest.mockVouchedProjects
DA:253,0
DA:254,0
DA:255,0
DA:259,0
DA:261,0
DA:262,0
DA:263,0
DA:265,0
DA:266,0
DA:267,0
DA:270,0
DA:273,0
DA:276,0
DA:277,0
DA:278,0
DA:281,0
DA:282,0
DA:283,0
DA:284,0
DA:285,0
DA:288,0
DA:291,0
DA:294,0
DA:295,0
DA:300,0
DA:302,0
FNF:26
FNH:5
LF:97
LH:31
BRF:0
BRH:0
end_of_record
